   1               		.file	"Temperature.c"
   2               	__SREG__ = 0x3f
   3               	__SP_H__ = 0x3e
   4               	__SP_L__ = 0x3d
   5               	__CCP__  = 0x34
   6               	__tmp_reg__ = 0
   7               	__zero_reg__ = 1
   8               		.global __do_copy_data
   9               		.global __do_clear_bss
  17               	.Ltext0:
  18               		.section	.text.Temperature_GetTemperature,"ax",@progbits
  19               	.global	Temperature_GetTemperature
  21               	Temperature_GetTemperature:
  22               	.LFB12:
  23               	.LSM0:
  24               	/* prologue: function */
  25               	/* frame size = 0 */
  26               	.LBB11:
  27               	.LBB12:
  28               	.LBB13:
  29               	.LBB14:
  30               	.LSM1:
  31 0000 80E4      		ldi r24,lo8(64)
  32 0002 8093 7C00 		sts 124,r24
  33               	.LSM2:
  34 0006 8091 7A00 		lds r24,122
  35 000a 8064      		ori r24,lo8(64)
  36 000c 8093 7A00 		sts 122,r24
  37               	.L2:
  38               	.LBE14:
  39               	.LBE13:
  40               	.LSM3:
  41 0010 8091 7A00 		lds r24,122
  42 0014 86FD      		sbrc r24,6
  43 0016 00C0      		rjmp .L2
  44               	.LSM4:
  45 0018 6091 7800 		lds r22,120
  46 001c 7091 7900 		lds r23,(120)+1
  47               	.LVL0:
  48               	.LBE12:
  49               	.LBE11:
  50               	.LBB15:
  51               	.LSM5:
  52 0020 40E0      		ldi r20,lo8(Temperature_Lookup)
  53 0022 50E0      		ldi r21,hi8(Temperature_Lookup)
  54               	.LVL1:
  55 0024 FA01      		movw r30,r20
  56               	/* #APP */
  57               	 ;  50 "../../LUFA/Drivers/Board/Temperature.c" 1
  58 0026 8591      		lpm r24, Z+
  59 0028 9491      		lpm r25, Z
  60               		
  61               	 ;  0 "" 2
  62               	.LVL2:
  63               	/* #NOAPP */
  64               	.LBE15:
  65 002a 8617      		cp r24,r22
  66 002c 9707      		cpc r25,r23
  67 002e 00F4      		brsh .L3
  68 0030 8BEE      		ldi r24,lo8(-21)
  69               	.LVL3:
  70 0032 0895      		ret
  71               	.LVL4:
  72               	.L3:
  73 0034 20E0      		ldi r18,lo8(0)
  74 0036 30E0      		ldi r19,hi8(0)
  75               	.LVL5:
  76               	.L6:
  77               	.LBB16:
  78               	.LBB17:
  79               	.LSM6:
  80 0038 FA01      		movw r30,r20
  81               	/* #APP */
  82               	 ;  55 "../../LUFA/Drivers/Board/Temperature.c" 1
  83 003a 8591      		lpm r24, Z+
  84 003c 9491      		lpm r25, Z
  85               		
  86               	 ;  0 "" 2
  87               	.LVL6:
  88               	/* #NOAPP */
  89               	.LBE17:
  90 003e 8617      		cp r24,r22
  91 0040 9707      		cpc r25,r23
  92 0042 00F4      		brsh .L5
  93               	.LSM7:
  94 0044 822F      		mov r24,r18
  95               	.LVL7:
  96 0046 8551      		subi r24,lo8(-(-21))
  97 0048 0895      		ret
  98               	.LVL8:
  99               	.L5:
 100               	.LSM8:
 101 004a 2F5F      		subi r18,lo8(-(1))
 102 004c 3F4F      		sbci r19,hi8(-(1))
 103 004e 4E5F      		subi r20,lo8(-(2))
 104 0050 5F4F      		sbci r21,hi8(-(2))
 105 0052 2837      		cpi r18,120
 106 0054 3105      		cpc r19,__zero_reg__
 107 0056 01F4      		brne .L6
 108 0058 82E6      		ldi r24,lo8(98)
 109               	.LVL9:
 110               	.LBE16:
 111               	.LSM9:
 112 005a 0895      		ret
 113               	.LFE12:
 115               		.section	.progmem.data,"a",@progbits
 118               	Temperature_Lookup:
 119 0000 B403      		.word	948
 120 0002 B003      		.word	944
 121 0004 AB03      		.word	939
 122 0006 A603      		.word	934
 123 0008 A003      		.word	928
 124 000a 9A03      		.word	922
 125 000c 9403      		.word	916
 126 000e 8E03      		.word	910
 127 0010 8803      		.word	904
 128 0012 8103      		.word	897
 129 0014 7A03      		.word	890
 130 0016 7303      		.word	883
 131 0018 6B03      		.word	875
 132 001a 6303      		.word	867
 133 001c 5B03      		.word	859
 134 001e 5303      		.word	851
 135 0020 4A03      		.word	842
 136 0022 4103      		.word	833
 137 0024 3803      		.word	824
 138 0026 2F03      		.word	815
 139 0028 2503      		.word	805
 140 002a 1B03      		.word	795
 141 002c 1103      		.word	785
 142 002e 0703      		.word	775
 143 0030 FC02      		.word	764
 144 0032 F102      		.word	753
 145 0034 E602      		.word	742
 146 0036 DB02      		.word	731
 147 0038 D002      		.word	720
 148 003a C402      		.word	708
 149 003c B802      		.word	696
 150 003e AC02      		.word	684
 151 0040 A002      		.word	672
 152 0042 9402      		.word	660
 153 0044 8802      		.word	648
 154 0046 7C02      		.word	636
 155 0048 6F02      		.word	623
 156 004a 6302      		.word	611
 157 004c 5602      		.word	598
 158 004e 4A02      		.word	586
 159 0050 3D02      		.word	573
 160 0052 3102      		.word	561
 161 0054 2502      		.word	549
 162 0056 1802      		.word	536
 163 0058 0C02      		.word	524
 164 005a 0002      		.word	512
 165 005c F301      		.word	499
 166 005e E701      		.word	487
 167 0060 DB01      		.word	475
 168 0062 CF01      		.word	463
 169 0064 C401      		.word	452
 170 0066 B801      		.word	440
 171 0068 AC01      		.word	428
 172 006a A101      		.word	417
 173 006c 9601      		.word	406
 174 006e 8B01      		.word	395
 175 0070 8001      		.word	384
 176 0072 7601      		.word	374
 177 0074 6B01      		.word	363
 178 0076 6101      		.word	353
 179 0078 5701      		.word	343
 180 007a 4D01      		.word	333
 181 007c 4401      		.word	324
 182 007e 3A01      		.word	314
 183 0080 3101      		.word	305
 184 0082 2801      		.word	296
 185 0084 1F01      		.word	287
 186 0086 1701      		.word	279
 187 0088 0F01      		.word	271
 188 008a 0601      		.word	262
 189 008c FE00      		.word	254
 190 008e F700      		.word	247
 191 0090 EF00      		.word	239
 192 0092 E800      		.word	232
 193 0094 E100      		.word	225
 194 0096 DA00      		.word	218
 195 0098 D300      		.word	211
 196 009a CD00      		.word	205
 197 009c C700      		.word	199
 198 009e C000      		.word	192
 199 00a0 BA00      		.word	186
 200 00a2 B500      		.word	181
 201 00a4 AF00      		.word	175
 202 00a6 AA00      		.word	170
 203 00a8 A400      		.word	164
 204 00aa 9F00      		.word	159
 205 00ac 9A00      		.word	154
 206 00ae 9600      		.word	150
 207 00b0 9100      		.word	145
 208 00b2 8C00      		.word	140
 209 00b4 8800      		.word	136
 210 00b6 8400      		.word	132
 211 00b8 8000      		.word	128
 212 00ba 7C00      		.word	124
 213 00bc 7800      		.word	120
 214 00be 7400      		.word	116
 215 00c0 7100      		.word	113
 216 00c2 6D00      		.word	109
 217 00c4 6A00      		.word	106
 218 00c6 6700      		.word	103
 219 00c8 6400      		.word	100
 220 00ca 6100      		.word	97
 221 00cc 5E00      		.word	94
 222 00ce 5B00      		.word	91
 223 00d0 5800      		.word	88
 224 00d2 5500      		.word	85
 225 00d4 5300      		.word	83
 226 00d6 5000      		.word	80
 227 00d8 4E00      		.word	78
 228 00da 4C00      		.word	76
 229 00dc 4900      		.word	73
 230 00de 4700      		.word	71
 231 00e0 4500      		.word	69
 232 00e2 4300      		.word	67
 233 00e4 4100      		.word	65
 234 00e6 3F00      		.word	63
 235 00e8 3D00      		.word	61
 236 00ea 3C00      		.word	60
 237 00ec 3A00      		.word	58
 238 00ee 3800      		.word	56
 263               	.Letext0:
DEFINED SYMBOLS
                            *ABS*:0000000000000000 Temperature.c
     /tmp/ccp10OFe.s:2      *ABS*:000000000000003f __SREG__
     /tmp/ccp10OFe.s:3      *ABS*:000000000000003e __SP_H__
     /tmp/ccp10OFe.s:4      *ABS*:000000000000003d __SP_L__
     /tmp/ccp10OFe.s:5      *ABS*:0000000000000034 __CCP__
     /tmp/ccp10OFe.s:6      *ABS*:0000000000000000 __tmp_reg__
     /tmp/ccp10OFe.s:7      *ABS*:0000000000000001 __zero_reg__
     /tmp/ccp10OFe.s:21     .text.Temperature_GetTemperature:0000000000000000 Temperature_GetTemperature
     /tmp/ccp10OFe.s:118    .progmem.data:0000000000000000 Temperature_Lookup

UNDEFINED SYMBOLS
__do_copy_data
__do_clear_bss
