   1               		.file	"USBInterrupt.c"
   2               	__SREG__ = 0x3f
   3               	__SP_H__ = 0x3e
   4               	__SP_L__ = 0x3d
   5               	__CCP__  = 0x34
   6               	__tmp_reg__ = 0
   7               	__zero_reg__ = 1
   8               		.global __do_copy_data
   9               		.global __do_clear_bss
  17               	.Ltext0:
  18               		.section	.text.USB_INT_DisableAllInterrupts,"ax",@progbits
  19               	.global	USB_INT_DisableAllInterrupts
  21               	USB_INT_DisableAllInterrupts:
  22               	.LFB31:
  23               	.LSM0:
  24               	/* prologue: function */
  25               	/* frame size = 0 */
  26               	.LSM1:
  27 0000 E8ED      		ldi r30,lo8(216)
  28 0002 F0E0      		ldi r31,hi8(216)
  29 0004 8081      		ld r24,Z
  30 0006 8C7F      		andi r24,lo8(-4)
  31 0008 8083      		st Z,r24
  32               	.LSM2:
  33 000a 1092 E200 		sts 226,__zero_reg__
  34               	/* epilogue start */
  35               	.LSM3:
  36 000e 0895      		ret
  37               	.LFE31:
  39               		.section	.text.USB_INT_ClearAllInterrupts,"ax",@progbits
  40               	.global	USB_INT_ClearAllInterrupts
  42               	USB_INT_ClearAllInterrupts:
  43               	.LFB32:
  44               	.LSM4:
  45               	/* prologue: function */
  46               	/* frame size = 0 */
  47               	.LSM5:
  48 0000 1092 DA00 		sts 218,__zero_reg__
  49               	.LSM6:
  50 0004 1092 E100 		sts 225,__zero_reg__
  51               	/* epilogue start */
  52               	.LSM7:
  53 0008 0895      		ret
  54               	.LFE32:
  56               		.section	.text.__vector_10,"ax",@progbits
  57               	.global	__vector_10
  59               	__vector_10:
  60               	.LFB33:
  61               	.LSM8:
  62 0000 1F92      		push __zero_reg__
  63 0002 0F92      		push r0
  64 0004 0FB6      		in r0,__SREG__
  65 0006 0F92      		push r0
  66 0008 0BB6      		in r0,91-32
  67 000a 0F92      		push r0
  68 000c 1124      		clr __zero_reg__
  69 000e 0F93      		push r16
  70 0010 2F93      		push r18
  71 0012 3F93      		push r19
  72 0014 4F93      		push r20
  73 0016 5F93      		push r21
  74 0018 6F93      		push r22
  75 001a 7F93      		push r23
  76 001c 8F93      		push r24
  77 001e 9F93      		push r25
  78 0020 AF93      		push r26
  79 0022 BF93      		push r27
  80 0024 EF93      		push r30
  81 0026 FF93      		push r31
  82               	/* prologue: Signal */
  83               	/* frame size = 0 */
  84               	.LSM9:
  85 0028 8091 DA00 		lds r24,218
  86 002c 80FF      		sbrs r24,0
  87 002e 00C0      		rjmp .L6
  88 0030 8091 D800 		lds r24,216
  89 0034 80FF      		sbrs r24,0
  90 0036 00C0      		rjmp .L6
  91               	.LSM10:
  92 0038 8091 DA00 		lds r24,218
  93 003c 8E7F      		andi r24,lo8(-2)
  94 003e 8093 DA00 		sts 218,r24
  95               	.LSM11:
  96 0042 0E94 0000 		call Event_USB_VBUSChange
  97               	.LSM12:
  98 0046 8091 D900 		lds r24,217
  99 004a 80FF      		sbrs r24,0
 100 004c 00C0      		rjmp .L7
 101               	.LSM13:
 102 004e 0E94 0000 		call Event_USB_VBUSConnect
 103               	.LSM14:
 104 0052 8091 0000 		lds r24,USB_IsConnected
 105 0056 8823      		tst r24
 106 0058 01F0      		breq .L8
 107               	.LSM15:
 108 005a 0E94 0000 		call Event_USB_Disconnect
 109               	.L8:
 110               	.LSM16:
 111 005e 0E94 0000 		call USB_ResetInterface
 112               	.LSM17:
 113 0062 81E0      		ldi r24,lo8(1)
 114 0064 8093 0000 		sts USB_IsConnected,r24
 115               	.LSM18:
 116 0068 0E94 0000 		call Event_USB_Connect
 117 006c 00C0      		rjmp .L6
 118               	.L7:
 119               	.LSM19:
 120 006e 0E94 0000 		call Event_USB_Disconnect
 121               	.LSM20:
 122 0072 8091 E000 		lds r24,224
 123 0076 8160      		ori r24,lo8(1)
 124 0078 8093 E000 		sts 224,r24
 125               	.LSM21:
 126 007c 8091 D800 		lds r24,216
 127 0080 8062      		ori r24,lo8(32)
 128 0082 8093 D800 		sts 216,r24
 129               	.LSM22:
 130 0086 19BC      		out 73-32,__zero_reg__
 131               	.LSM23:
 132 0088 8091 D700 		lds r24,215
 133 008c 8E7F      		andi r24,lo8(-2)
 134 008e 8093 D700 		sts 215,r24
 135               	.LSM24:
 136 0092 1092 0000 		sts USB_IsConnected,__zero_reg__
 137               	.LSM25:
 138 0096 0E94 0000 		call Event_USB_VBUSDisconnect
 139               	.LSM26:
 140 009a 8091 DA00 		lds r24,218
 141 009e 8E7F      		andi r24,lo8(-2)
 142 00a0 8093 DA00 		sts 218,r24
 143               	.L6:
 144               	.LSM27:
 145 00a4 8091 E100 		lds r24,225
 146 00a8 80FF      		sbrs r24,0
 147 00aa 00C0      		rjmp .L9
 148 00ac 8091 E200 		lds r24,226
 149 00b0 80FF      		sbrs r24,0
 150 00b2 00C0      		rjmp .L9
 151               	.LSM28:
 152 00b4 8091 E100 		lds r24,225
 153 00b8 8E7F      		andi r24,lo8(-2)
 154 00ba 8093 E100 		sts 225,r24
 155               	.LSM29:
 156 00be 8091 E200 		lds r24,226
 157 00c2 8E7F      		andi r24,lo8(-2)
 158 00c4 8093 E200 		sts 226,r24
 159               	.LSM30:
 160 00c8 8091 E200 		lds r24,226
 161 00cc 8061      		ori r24,lo8(16)
 162 00ce 8093 E200 		sts 226,r24
 163               	.LSM31:
 164 00d2 8091 D800 		lds r24,216
 165 00d6 8062      		ori r24,lo8(32)
 166 00d8 8093 D800 		sts 216,r24
 167               	.LSM32:
 168 00dc 19BC      		out 73-32,__zero_reg__
 169               	.LSM33:
 170 00de 81E0      		ldi r24,lo8(1)
 171 00e0 8093 0000 		sts USB_IsSuspended,r24
 172               	.LSM34:
 173 00e4 0E94 0000 		call Event_USB_Suspend
 174               	.L9:
 175               	.LSM35:
 176 00e8 8091 E100 		lds r24,225
 177 00ec 84FF      		sbrs r24,4
 178 00ee 00C0      		rjmp .L10
 179 00f0 8091 E200 		lds r24,226
 180 00f4 84FF      		sbrs r24,4
 181 00f6 00C0      		rjmp .L10
 182               	.LSM36:
 183 00f8 84E1      		ldi r24,lo8(20)
 184 00fa 89BD      		out 73-32,r24
 185 00fc 89B5      		in r24,73-32
 186 00fe 8260      		ori r24,lo8(2)
 187 0100 89BD      		out 73-32,r24
 188               	.L11:
 189               	.LSM37:
 190 0102 09B4      		in __tmp_reg__,73-32
 191 0104 00FE      		sbrs __tmp_reg__,0
 192 0106 00C0      		rjmp .L11
 193               	.LSM38:
 194 0108 8091 D800 		lds r24,216
 195 010c 8F7D      		andi r24,lo8(-33)
 196 010e 8093 D800 		sts 216,r24
 197               	.LSM39:
 198 0112 8091 E100 		lds r24,225
 199 0116 8F7E      		andi r24,lo8(-17)
 200 0118 8093 E100 		sts 225,r24
 201               	.LSM40:
 202 011c 8091 E200 		lds r24,226
 203 0120 8F7E      		andi r24,lo8(-17)
 204 0122 8093 E200 		sts 226,r24
 205               	.LSM41:
 206 0126 8091 E200 		lds r24,226
 207 012a 8160      		ori r24,lo8(1)
 208 012c 8093 E200 		sts 226,r24
 209               	.LSM42:
 210 0130 1092 0000 		sts USB_IsSuspended,__zero_reg__
 211               	.LSM43:
 212 0134 0E94 0000 		call Event_USB_WakeUp
 213               	.L10:
 214               	.LSM44:
 215 0138 8091 E100 		lds r24,225
 216 013c 83FF      		sbrs r24,3
 217 013e 00C0      		rjmp .L13
 218 0140 8091 E200 		lds r24,226
 219 0144 83FF      		sbrs r24,3
 220 0146 00C0      		rjmp .L13
 221               	.LSM45:
 222 0148 8091 E100 		lds r24,225
 223 014c 877F      		andi r24,lo8(-9)
 224 014e 8093 E100 		sts 225,r24
 225               	.LSM46:
 226 0152 1092 0000 		sts USB_ConfigurationNumber,__zero_reg__
 227               	.LSM47:
 228 0156 8091 E100 		lds r24,225
 229 015a 8E7F      		andi r24,lo8(-2)
 230 015c 8093 E100 		sts 225,r24
 231               	.LSM48:
 232 0160 8091 E200 		lds r24,226
 233 0164 8E7F      		andi r24,lo8(-2)
 234 0166 8093 E200 		sts 226,r24
 235               	.LSM49:
 236 016a 8091 E200 		lds r24,226
 237 016e 8061      		ori r24,lo8(16)
 238 0170 8093 E200 		sts 226,r24
 239               	.LSM50:
 240 0174 0E94 0000 		call Endpoint_ClearEndpoints
 241               	.LSM51:
 242 0178 2091 0000 		lds r18,USB_ControlEndpointSize
 243 017c 80E0      		ldi r24,lo8(0)
 244 017e 60E0      		ldi r22,lo8(0)
 245 0180 40E0      		ldi r20,lo8(0)
 246 0182 30E0      		ldi r19,lo8(0)
 247 0184 00E0      		ldi r16,lo8(0)
 248 0186 0E94 0000 		call Endpoint_ConfigureEndpoint
 249               	.LSM52:
 250 018a 0E94 0000 		call Event_USB_Reset
 251               	.L13:
 252               	/* epilogue start */
 253               	.LSM53:
 254 018e FF91      		pop r31
 255 0190 EF91      		pop r30
 256 0192 BF91      		pop r27
 257 0194 AF91      		pop r26
 258 0196 9F91      		pop r25
 259 0198 8F91      		pop r24
 260 019a 7F91      		pop r23
 261 019c 6F91      		pop r22
 262 019e 5F91      		pop r21
 263 01a0 4F91      		pop r20
 264 01a2 3F91      		pop r19
 265 01a4 2F91      		pop r18
 266 01a6 0F91      		pop r16
 267 01a8 0F90      		pop r0
 268 01aa 0BBE      		out 91-32,r0
 269 01ac 0F90      		pop r0
 270 01ae 0FBE      		out __SREG__,r0
 271 01b0 0F90      		pop r0
 272 01b2 1F90      		pop __zero_reg__
 273 01b4 1895      		reti
 274               	.LFE33:
 316               	.Letext0:
DEFINED SYMBOLS
                            *ABS*:0000000000000000 USBInterrupt.c
     /tmp/ccmZ8oqq.s:2      *ABS*:000000000000003f __SREG__
     /tmp/ccmZ8oqq.s:3      *ABS*:000000000000003e __SP_H__
     /tmp/ccmZ8oqq.s:4      *ABS*:000000000000003d __SP_L__
     /tmp/ccmZ8oqq.s:5      *ABS*:0000000000000034 __CCP__
     /tmp/ccmZ8oqq.s:6      *ABS*:0000000000000000 __tmp_reg__
     /tmp/ccmZ8oqq.s:7      *ABS*:0000000000000001 __zero_reg__
     /tmp/ccmZ8oqq.s:21     .text.USB_INT_DisableAllInterrupts:0000000000000000 USB_INT_DisableAllInterrupts
     /tmp/ccmZ8oqq.s:42     .text.USB_INT_ClearAllInterrupts:0000000000000000 USB_INT_ClearAllInterrupts
     /tmp/ccmZ8oqq.s:59     .text.__vector_10:0000000000000000 __vector_10

UNDEFINED SYMBOLS
__do_copy_data
__do_clear_bss
Event_USB_VBUSChange
Event_USB_VBUSConnect
USB_IsConnected
Event_USB_Disconnect
USB_ResetInterface
Event_USB_Connect
Event_USB_VBUSDisconnect
USB_IsSuspended
Event_USB_Suspend
Event_USB_WakeUp
USB_ConfigurationNumber
Endpoint_ClearEndpoints
USB_ControlEndpointSize
Endpoint_ConfigureEndpoint
Event_USB_Reset
